<?xml version="1.0" encoding="UTF-8"?>
<!-- Generated by org.testng.reporters.JUnitReportReporter -->
<testsuite hostname="kalpesh16" failures="0" tests="1" name="DemoA.KeywordDrivenFB.DriverScript" time="5.711" errors="0" timestamp="07 Jan 2022 14:32:32 GMT" skipped="0">
  <testcase classname="DemoA.KeywordDrivenFB.DriverScript" name="Fb" time="5.711"/>
</testsuite> <!-- DemoA.KeywordDrivenFB.DriverScript -->
